<?xml version="1.0" encoding="UTF-8"?>
<!-- Generated by org.testng.reporters.JUnitReportReporter -->
<testsuite hostname="UNO-36-PC" failures="0" tests="2" name="com.crm.qa.testcases.LoginPageTest" time="24.337" errors="0" timestamp="22 Nov 2020 14:43:15 GMT" skipped="0">
  <testcase classname="com.crm.qa.testcases.LoginPageTest" name="LoginPagetitleTest" time="10.652"/>
  <testcase classname="com.crm.qa.testcases.LoginPageTest" name="LoginTest" time="13.685"/>
</testsuite> <!-- com.crm.qa.testcases.LoginPageTest -->
